<?xml version='1.0' encoding='UTF-8'?>
<testsuite hostname="LAPTOP-OBCNTCK2" name="MyListTests" tests="21" errors="0" failures="0" skipped="0" time="0.03" timestamp="2022-08-20T17:09:51">
          <properties>
      <property name="awt.toolkit" value="sun.awt.windows.WToolkit"/><property name="java.specification.version" value="11"/><property name="sun.cpu.isalist" value="amd64"/><property name="sun.jnu.encoding" value="Cp1252"/><property name="sun.arch.data.model" value="64"/><property name="sbt.supershell" value="false"/><property name="java.vendor.url" value="https://adoptium.net/"/><property name="sun.boot.library.path" value="C:\Users\randa\.jdks\temurin-11.0.16.1\bin"/><property name="sun.java.command" value="C:\Users\randa\AppData\Roaming\JetBrains\IdeaIC2022.2\plugins\Scala\launcher\sbt-launch.jar early(addPluginSbtFile=&quot;&quot;&quot;C:\Users\randa\AppData\Local\Temp\idea.sbt&quot;&quot;&quot;) ; set ideaPort in Global := 65046 ; idea-shell"/><property name="jdk.debug" value="release"/><property name="sun.stderr.encoding" value="cp437"/><property name="java.specification.vendor" value="Oracle Corporation"/><property name="java.version.date" value="2022-08-12"/><property name="java.home" value="C:\Users\randa\.jdks\temurin-11.0.16.1"/><property name="file.separator" value="\"/><property name="java.vm.compressedOopsMode" value="32-bit"/><property name="line.separator" value="
"/><property name="sun.stdout.encoding" value="cp437"/><property name="java.specification.name" value="Java Platform API Specification"/><property name="java.vm.specification.vendor" value="Oracle Corporation"/><property name="idea.installation.dir" value="C:\Program Files\JetBrains\IntelliJ IDEA Community Edition 2022.2.1"/><property name="user.script" value=""/><property name="sun.management.compiler" value="HotSpot 64-Bit Tiered Compilers"/><property name="java.runtime.version" value="11.0.16.1+1"/><property name="user.name" value="randa"/><property name="log4j.ignoreTCL" value="true"/><property name="file.encoding" value="UTF-8"/><property name="jnidispatch.path" value="C:\Users\randa\AppData\Local\Temp\jna-108280028\jna11289072730183972209.dll"/><property name="java.vendor.version" value="Temurin-11.0.16.1+1"/><property name="jna.loaded" value="true"/><property name="java.io.tmpdir" value="C:\Users\randa\AppData\Local\Temp\"/><property name="java.version" value="11.0.16.1"/><property name="java.vm.specification.name" value="Java Virtual Machine Specification"/><property name="java.awt.printerjob" value="sun.awt.windows.WPrinterJob"/><property name="sun.os.patch.level" value=""/><property name="java.library.path" value="C:\Users\randa\.jdks\temurin-11.0.16.1\bin;C:\WINDOWS\Sun\Java\bin;C:\WINDOWS\system32;C:\WINDOWS;C:\Program Files (x86)\Common Files\Oracle\Java\javapath;C:\Program Files\NVIDIA GPU Computing Toolkit\CUDA\v10.2\bin;C:\Program Files\NVIDIA GPU Computing Toolkit\CUDA\v10.2\libnvvp;C:\Program Files\Microsoft MPI\Bin\;C:\windows\system32;C:\windows;C:\windows\System32\Wbem;C:\windows\System32\WindowsPowerShell\v1.0\;C:\windows\System32\OpenSSH\;C:\Program Files (x86)\NVIDIA Corporation\PhysX\Common;C:\Program Files\NVIDIA Corporation\NVIDIA NvDLISR;C:\Program Files\Microsoft SQL Server\130\Tools\Binn\;C:\Program Files (x86)\Windows Kits\10\Windows Performance Toolkit\;C:\Program Files\Microsoft SQL Server\Client SDK\ODBC\170\Tools\Binn\;C:\Program Files\NVIDIA Corporation\Nsight Compute 2019.5.0\;C:\WINDOWS\system32;C:\WINDOWS;C:\WINDOWS\System32\Wbem;C:\WINDOWS\System32\WindowsPowerShell\v1.0\;C:\WINDOWS\System32\OpenSSH\;C:\Program Files\Git\cmd;C:\Program Files\Docker\Docker\resources\bin;C:\ProgramData\DockerDesktop\version-bin;C:\Program Files\dotnet\;C:\Users\randa\AppData\Local\Microsoft\WindowsApps;C:\Users\randa\AppData\Local\Programs\Microsoft VS Code\bin;C:\Users\randa\Documents\opencvbuild\Install\opencv\x64\vc16\bin;C:\Users\randa\Documents\Scripts;C:\Program Files\CMake\bin;C:\Users\randa\Documents\opencvbuild-x86\Install\opencv\x86\vc16\bin;C:\Program Files (x86)\WiX Toolset v3.11\bin;C:\Users\randa\.dotnet\tools;C:\Users\randa\AppData\Local\Coursier\data\bin;."/><property name="java.vendor" value="Eclipse Adoptium"/><property name="sun.io.unicode.encoding" value="UnicodeLittle"/><property name="sun.desktop" value="windows"/><property name="java.class.path" value="C:\Users\randa\AppData\Roaming\JetBrains\IdeaIC2022.2\plugins\Scala\launcher\sbt-launch.jar"/><property name="java.vm.vendor" value="Eclipse Adoptium"/><property name="user.variant" value=""/><property name="jline.shutdownhook" value="false"/><property name="user.timezone" value="America/Denver"/><property name="os.name" value="Windows 11"/><property name="java.vm.specification.version" value="11"/><property name="sun.java.launcher" value="SUN_STANDARD"/><property name="user.country" value="US"/><property name="sun.cpu.endian" value="little"/><property name="user.home" value="C:\Users\randa"/><property name="user.language" value="en"/><property name="sbt.ipcsocket.tmpdir" value="C:\Users\randa\AppData\Local\Temp\.sbt\ipcsocket"/><property name="swoval.tmpdir" value="C:\Users\randa\AppData\Local\Temp\.sbt\swoval"/><property name="java.awt.graphicsenv" value="sun.awt.Win32GraphicsEnvironment"/><property name="jline.esc.timeout" value="0"/><property name="path.separator" value=";"/><property name="os.version" value="10.0"/><property name="jna.nosys" value="true"/><property name="java.runtime.name" value="OpenJDK Runtime Environment"/><property name="sbt.log.noformat" value="true"/><property name="java.vm.name" value="OpenJDK 64-Bit Server VM"/><property name="java.vendor.url.bug" value="https://github.com/adoptium/adoptium-support/issues"/><property name="user.dir" value="C:\Users\randa\IdeaProjects\functional-programming-in-scala"/><property name="os.arch" value="amd64"/><property name="idea.managed" value="true"/><property name="java.vm.info" value="mixed mode"/><property name="java.vm.version" value="11.0.16.1+1"/><property name="java.class.version" value="55.0"/>
    </properties>
          <testcase classname="MyListTests" name="ex 3.1" time="0.02">
                      
                    </testcase><testcase classname="MyListTests" name="tail of regular list" time="0.0">
                      
                    </testcase><testcase classname="MyListTests" name="tail of 2 element list" time="0.001">
                      
                    </testcase><testcase classname="MyListTests" name="tail of Nil" time="0.0">
                      
                    </testcase><testcase classname="MyListTests" name="setHead with Ints" time="0.001">
                      
                    </testcase><testcase classname="MyListTests" name="setHead with Strings" time="0.0">
                      
                    </testcase><testcase classname="MyListTests" name="setHead with a Nil list" time="0.001">
                      
                    </testcase><testcase classname="MyListTests" name="drop 0" time="0.0">
                      
                    </testcase><testcase classname="MyListTests" name="drop 1" time="0.001">
                      
                    </testcase><testcase classname="MyListTests" name="drop 2" time="0.0">
                      
                    </testcase><testcase classname="MyListTests" name="drop 3" time="0.0">
                      
                    </testcase><testcase classname="MyListTests" name="drop 4" time="0.0">
                      
                    </testcase><testcase classname="MyListTests" name="dropWhile x is less than 4" time="0.001">
                      
                    </testcase><testcase classname="MyListTests" name="dropWhile true" time="0.001">
                      
                    </testcase><testcase classname="MyListTests" name="dropWhile false" time="0.001">
                      
                    </testcase><testcase classname="MyListTests" name="dropWhile x == 2" time="0.001">
                      
                    </testcase><testcase classname="MyListTests" name="dropWhile x == 1" time="0.002">
                      
                    </testcase><testcase classname="MyListTests" name="init list of 4 ints" time="0.0">
                      
                    </testcase><testcase classname="MyListTests" name="init list of 2 ints" time="0.0">
                      
                    </testcase><testcase classname="MyListTests" name="init list of one element" time="0.0">
                      
                    </testcase><testcase classname="MyListTests" name="init Nil" time="0.0">
                      
                    </testcase>
          <system-out><![CDATA[]]></system-out>
          <system-err><![CDATA[]]></system-err>
        </testsuite>